2026-04-27 22:55:04 [INFO] CONFIG: {
  "model_name": "Salesforce/codet5-small",
  "save_dir": "training/t5/saved_model",
  "checkpoint_dir": "training/t5/checkpoints",
  "data_dir": "training/t5/data",
  "train_file": "training/t5/data/train.csv",
  "val_file": "training/t5/data/val.csv",
  "max_input_length": 256,
  "max_target_length": 128,
  "batch_size": 4,
  "gradient_accumulation_steps": 4,
  "num_epochs": 3,
  "learning_rate": 5e-05,
  "warmup_steps": 100,
  "save_every_n_steps": 500,
  "num_train_samples": 10000,
  "num_val_samples": 1000,
  "seed": 42,
  "prefix": "fix: "
}
2026-04-27 22:55:04 [INFO] --prepare-only: running data preparation then exiting.
2026-04-27 22:55:05 [ERROR] Failed to query Zenodo API: 410 Client Error: GONE for url: https://zenodo.org/api/records/6526891
2026-04-27 22:55:05 [ERROR] Download failed: 410 Client Error: GONE for url: https://zenodo.org/api/records/6526891
2026-04-27 23:02:45 [INFO] CONFIG: {
  "model_name": "Salesforce/codet5-small",
  "save_dir": "training/t5/saved_model",
  "checkpoint_dir": "training/t5/checkpoints",
  "data_dir": "training/t5/data",
  "train_file": "training/t5/data/train.csv",
  "val_file": "training/t5/data/val.csv",
  "max_input_length": 256,
  "max_target_length": 128,
  "batch_size": 4,
  "gradient_accumulation_steps": 4,
  "num_epochs": 3,
  "learning_rate": 5e-05,
  "warmup_steps": 100,
  "save_every_n_steps": 500,
  "num_train_samples": 10000,
  "num_val_samples": 1000,
  "seed": 42,
  "prefix": "fix: "
}
2026-04-27 23:02:45 [INFO] --prepare-only: running data preparation then exiting.
2026-04-27 23:02:46 [INFO] Selected file: ssc_data_28M.zip (5534.3 MB)
2026-04-27 23:02:46 [INFO] Downloading https://zenodo.org/api/records/10217373/files/ssc_data_28M.zip/content -> training/t5/data/raw/ssc_data_28M.zip
2026-04-27 23:02:50 [INFO]   ... 0% (1.0 MB / 5534.3 MB)
2026-04-27 23:07:35 [INFO]   ... 10% (553.6 MB / 5534.3 MB)
2026-04-27 23:08:13 [INFO]   ... 20% (1107.3 MB / 5534.3 MB)
2026-04-27 23:09:01 [INFO]   ... 30% (1660.9 MB / 5534.3 MB)
2026-04-27 23:09:46 [INFO]   ... 40% (2214.6 MB / 5534.3 MB)
2026-04-27 23:15:44 [INFO] CONFIG: {
  "model_name": "Salesforce/codet5-small",
  "save_dir": "training/t5/saved_model",
  "checkpoint_dir": "training/t5/checkpoints",
  "data_dir": "training/t5/data",
  "train_file": "training/t5/data/train.csv",
  "val_file": "training/t5/data/val.csv",
  "max_input_length": 256,
  "max_target_length": 128,
  "batch_size": 4,
  "gradient_accumulation_steps": 4,
  "num_epochs": 3,
  "learning_rate": 5e-05,
  "warmup_steps": 100,
  "save_every_n_steps": 500,
  "num_train_samples": 10000,
  "num_val_samples": 1000,
  "seed": 42,
  "prefix": "fix: "
}
2026-04-27 23:15:44 [INFO] --prepare-only: running data preparation then exiting.
2026-04-27 23:15:44 [INFO] Found 10 shards in training/t5/data/raw/ctssb_data_1M
2026-04-27 23:15:44 [INFO] Reading file-0.jsonl.gz ...
2026-04-27 23:15:44 [INFO] Reading file-1.jsonl.gz ...
2026-04-27 23:15:45 [INFO] Reading file-2.jsonl.gz ...
2026-04-27 23:15:46 [INFO] Reading file-3.jsonl.gz ...
2026-04-27 23:15:47 [INFO] Reading file-4.jsonl.gz ...
2026-04-27 23:15:48 [INFO] Reading file-5.jsonl.gz ...
2026-04-27 23:15:49 [INFO] Reading file-6.jsonl.gz ...
2026-04-27 23:15:50 [INFO] Reading file-7.jsonl.gz ...
2026-04-27 23:15:51 [INFO] Reading file-8.jsonl.gz ...
2026-04-27 23:15:52 [INFO] Reading file-9.jsonl.gz ...
2026-04-27 23:15:53 [INFO] Loaded 966985 raw records
2026-04-27 23:15:53 [INFO] After (a) specific sstub_pattern (not SINGLE_STMT): 633909
2026-04-27 23:15:53 [INFO] After (b) likely_bug=True: 633909
2026-04-27 23:15:55 [INFO] After (c) parseable diff: 633635
2026-04-27 23:15:55 [INFO] After (d) buggy != fixed: 633447
2026-04-27 23:15:56 [INFO] After (e) buggy <= 400 chars: 632394
2026-04-27 23:15:56 [INFO] After (f) dedup by md5(buggy): 550830
2026-04-27 23:15:58 [INFO] Wrote 10000 train rows -> training/t5/data/train.csv
2026-04-27 23:15:58 [INFO] Wrote 1000 val rows   -> training/t5/data/val.csv
2026-04-27 23:15:58 [INFO] Train class distribution:
2026-04-27 23:15:58 [INFO]   CHANGE_BINARY_OPERATOR: 4000
2026-04-27 23:15:58 [INFO]   CHANGE_IDENTIFIER_USED: 3000
2026-04-27 23:15:58 [INFO]   CHANGE_STRING_LITERAL: 1057
2026-04-27 23:15:58 [INFO]   CHANGE_BINARY_OPERAND: 263
2026-04-27 23:15:58 [INFO]   SAME_FUNCTION_MORE_ARGS: 225
2026-04-27 23:15:58 [INFO]   WRONG_FUNCTION_NAME: 212
2026-04-27 23:15:58 [INFO]   CHANGE_NUMERIC_LITERAL: 180
2026-04-27 23:15:58 [INFO]   ADD_FUNCTION_AROUND_EXPRESSION: 174
2026-04-27 23:15:58 [INFO]   CHANGE_ATTRIBUTE_USED: 167
2026-04-27 23:15:58 [INFO]   SINGLE_TOKEN: 134
2026-04-27 23:15:58 [INFO]   ADD_METHOD_CALL: 96
2026-04-27 23:15:58 [INFO]   MORE_SPECIFIC_IF: 81
2026-04-27 23:15:58 [INFO]   SAME_FUNCTION_LESS_ARGS: 79
2026-04-27 23:15:58 [INFO]   ADD_ELEMENTS_TO_ITERABLE: 78
2026-04-27 23:15:58 [INFO]   ADD_ATTRIBUTE_ACCESS: 54
2026-04-27 23:15:58 [INFO]   CHANGE_BOOLEAN_LITERAL: 49
2026-04-27 23:15:58 [INFO]   SAME_FUNCTION_WRONG_CALLER: 42
2026-04-27 23:15:58 [INFO]   CHANGE_KEYWORD_ARGUMENT_USED: 36
2026-04-27 23:15:58 [INFO]   LESS_SPECIFIC_IF: 28
2026-04-27 23:15:58 [INFO]   CHANGE_UNARY_OPERATOR: 24
2026-04-27 23:15:58 [INFO]   SAME_FUNCTION_SWAP_ARGS: 12
2026-04-27 23:15:58 [INFO]   CHANGE_CONSTANT_TYPE: 9
2026-04-27 23:15:58 [INFO] Val class distribution:
2026-04-27 23:15:58 [INFO]   CHANGE_STRING_LITERAL: 100
2026-04-27 23:15:58 [INFO]   CHANGE_IDENTIFIER_USED: 100
2026-04-27 23:15:58 [INFO]   CHANGE_BINARY_OPERAND: 100
2026-04-27 23:15:58 [INFO]   SAME_FUNCTION_MORE_ARGS: 100
2026-04-27 23:15:58 [INFO]   WRONG_FUNCTION_NAME: 100
2026-04-27 23:15:58 [INFO]   CHANGE_NUMERIC_LITERAL: 100
2026-04-27 23:15:58 [INFO]   ADD_FUNCTION_AROUND_EXPRESSION: 100
2026-04-27 23:15:58 [INFO]   CHANGE_ATTRIBUTE_USED: 100
2026-04-27 23:15:58 [INFO]   SINGLE_TOKEN: 100
2026-04-27 23:15:58 [INFO]   ADD_METHOD_CALL: 100
2026-04-27 23:15:58 [INFO] --- 3 random examples (visual sanity check) ---
2026-04-27 23:15:58 [INFO] [ex 3956] sstub_pattern=CHANGE_BINARY_OPERATOR
2026-04-27 23:15:58 [INFO]   INPUT:
while remaining_delta_v() > 0 and remaining_delta_v() < last_remaining:
2026-04-27 23:15:58 [INFO]   TARGET:
while remaining_delta_v() > 0 and remaining_delta_v() <= last_remaining:
2026-04-27 23:15:58 [INFO] [ex 8093] sstub_pattern=CHANGE_STRING_LITERAL
2026-04-27 23:15:58 [INFO]   INPUT:
def detectPolyA(seq, qual = None, method = "seed", min_len = 5,
2026-04-27 23:15:58 [INFO]   TARGET:
def detectPolyA(seq, qual = None, method = "mixed", min_len = 5,
2026-04-27 23:15:58 [INFO] [ex 4883] sstub_pattern=CHANGE_IDENTIFIER_USED
2026-04-27 23:15:58 [INFO]   INPUT:
quotes = self.quote_related_ids.filtered(
2026-04-27 23:15:58 [INFO]   TARGET:
quotes = project.quote_related_ids.filtered(
2026-04-27 23:15:58 [INFO] Data ready. Check training/t5/data/train.csv and val.csv.
